0 info it worked if it ends with ok
1 verbose cli [ '/Users/nbkm8y5/.nvm/versions/node/v6.5.0/bin/node',
1 verbose cli   '/Users/nbkm8y5/.nvm/versions/node/v6.5.0/bin/npm',
1 verbose cli   'start' ]
2 info using npm@3.10.7
3 info using node@v6.5.0
4 verbose run-script [ 'prestart', 'start', 'poststart' ]
5 info lifecycle msed@0.0.0~prestart: msed@0.0.0
6 silly lifecycle msed@0.0.0~prestart: no script for prestart, continuing
7 info lifecycle msed@0.0.0~start: msed@0.0.0
8 verbose lifecycle msed@0.0.0~start: unsafe-perm in lifecycle true
9 verbose lifecycle msed@0.0.0~start: PATH: /Users/nbkm8y5/.nvm/versions/node/v6.5.0/lib/node_modules/npm/bin/node-gyp-bin:/Users/nbkm8y5/School/CEN 4083/msed/node_modules/.bin:/Users/nbkm8y5/.nvm/versions/node/v6.5.0/bin:/Applications/MAMP/Library/bin:/usr/local/bin:/usr/bin:/bin:/usr/sbin:/sbin:~/.composer/vendor/bin:/Users/nbkm8y5/CNT4713/apache-ant-1.9.7/bin:/Users/nbkm8y5/scripts/workScripts:/usr/local/MacGPG2/bin
10 verbose lifecycle msed@0.0.0~start: CWD: /Users/nbkm8y5/School/CEN 4083/msed
11 silly lifecycle msed@0.0.0~start: Args: [ '-c', 'node ./bin/www' ]
12 silly lifecycle msed@0.0.0~start: Returned: code: 1  signal: null
13 info lifecycle msed@0.0.0~start: Failed to exec start script
14 verbose stack Error: msed@0.0.0 start: `node ./bin/www`
14 verbose stack Exit status 1
14 verbose stack     at EventEmitter.<anonymous> (/Users/nbkm8y5/.nvm/versions/node/v6.5.0/lib/node_modules/npm/lib/utils/lifecycle.js:255:16)
14 verbose stack     at emitTwo (events.js:106:13)
14 verbose stack     at EventEmitter.emit (events.js:191:7)
14 verbose stack     at ChildProcess.<anonymous> (/Users/nbkm8y5/.nvm/versions/node/v6.5.0/lib/node_modules/npm/lib/utils/spawn.js:40:14)
14 verbose stack     at emitTwo (events.js:106:13)
14 verbose stack     at ChildProcess.emit (events.js:191:7)
14 verbose stack     at maybeClose (internal/child_process.js:877:16)
14 verbose stack     at Process.ChildProcess._handle.onexit (internal/child_process.js:226:5)
15 verbose pkgid msed@0.0.0
16 verbose cwd /Users/nbkm8y5/School/CEN 4083/msed
17 error Darwin 15.6.0
18 error argv "/Users/nbkm8y5/.nvm/versions/node/v6.5.0/bin/node" "/Users/nbkm8y5/.nvm/versions/node/v6.5.0/bin/npm" "start"
19 error node v6.5.0
20 error npm  v3.10.7
21 error code ELIFECYCLE
22 error msed@0.0.0 start: `node ./bin/www`
22 error Exit status 1
23 error Failed at the msed@0.0.0 start script 'node ./bin/www'.
23 error Make sure you have the latest version of node.js and npm installed.
23 error If you do, this is most likely a problem with the msed package,
23 error not with npm itself.
23 error Tell the author that this fails on your system:
23 error     node ./bin/www
23 error You can get information on how to open an issue for this project with:
23 error     npm bugs msed
23 error Or if that isn't available, you can get their info via:
23 error     npm owner ls msed
23 error There is likely additional logging output above.
24 verbose exit [ 1, true ]
